<?xml version="1.0" encoding="UTF-8"?>
<!-- Generated by org.testng.reporters.JUnitXMLReporter -->
<testsuite ignored="0" hostname="Home" failures="0" tests="1" name="Menu and Dropdown Tests" time="0.102" errors="0" timestamp="2024-06-29T19:16:32 IST">
  <testcase classname="tests.BaseTest" name="@BeforeClass setUp" time="0.019">
    <failure type="java.lang.NullPointerException" message="Cannot invoke &amp;quot;String.toLowerCase()&amp;quot; because &amp;quot;browser&amp;quot; is null">
      <![CDATA[java.lang.NullPointerException: Cannot invoke "String.toLowerCase()" because "browser" is null
at utils.DriverFactory.getDriver(DriverFactory.java:13)
at tests.BaseTest.setUp(BaseTest.java:16)
at java.base/java.util.ArrayList.forEach(ArrayList.java:1597)
... Removed 23 stack frames]]>
    </failure>
  </testcase> <!-- @BeforeClass setUp -->
  <testcase classname="tests.BaseTest" name="@AfterClass tearDown" time="-1.719668792573E9">
    <skipped/>
  </testcase> <!-- @AfterClass tearDown -->
  <testcase classname="tests.MenuTest" name="testMenuNavigation" time="0.0">
    <skipped/>
  </testcase> <!-- testMenuNavigation -->
</testsuite> <!-- Menu and Dropdown Tests -->
